<?xml version="1.0" encoding="UTF-8"?>
<testsuite xmlns:xsi="http://www.w3.org/2001/XMLSchema-instance" xsi:noNamespaceSchemaLocation="https://maven.apache.org/surefire/maven-surefire-plugin/xsd/surefire-test-report.xsd" version="3.0.2" name="com.example.CountOnMe.CountOnMeApplicationTests" time="1.948" tests="1" errors="0" skipped="0" failures="0">
  <properties>
[...]
</properties>
  <testcase name="contextLoads" classname="com.example.CountOnMe.CountOnMeApplicationTests" time="0.425">
    <system-out><![CDATA[19:50:04.282 [main] INFO org.springframework.test.context.support.AnnotationConfigContextLoaderUtils -- Could not detect default configuration classes for test class [com.example.CountOnMe.CountOnMeApplicationTests]: CountOnMeApplicationTests does not declare any static, non-private, non-final, nested classes annotated with @Configuration.
19:50:04.341 [main] INFO org.springframework.boot.test.context.SpringBootTestContextBootstrapper -- Found @SpringBootConfiguration com.example.CountOnMe.CountOnMeApplication for test class com.example.CountOnMe.CountOnMeApplicationTests

  .   ____          _            __ _ _
 /\\ / ___'_ __ _ _(_)_ __  __ _ \ \ \ \
( ( )\___ | '_ | '_| | '_ \/ _` | \ \ \ \
 \\/  ___)| |_)| | | | | || (_| |  ) ) ) )
  '  |____| .__|_| |_|_| |_\__, | / / / /
 =========|_|==============|___/=/_/_/_/

 :: Spring Boot ::                (v3.4.4)

2025-04-27T19:50:04.563+08:00  INFO 29179 --- [CountOnMe] [           main] c.e.CountOnMe.CountOnMeApplicationTests  : Starting CountOnMeApplicationTests using Java 17.0.4.1 with PID 29179 (started by janice in /Users/janice/Documents/nus/02/Count On Me/CountOnMeServer)
2025-04-27T19:50:04.564+08:00  INFO 29179 --- [CountOnMe] [           main] c.e.CountOnMe.CountOnMeApplicationTests  : No active profile set, falling back to 1 default profile: "default"
2025-04-27T19:50:04.832+08:00  INFO 29179 --- [CountOnMe] [           main] .s.d.r.c.RepositoryConfigurationDelegate : Bootstrapping Spring Data MongoDB repositories in DEFAULT mode.
2025-04-27T19:50:04.852+08:00  INFO 29179 --- [CountOnMe] [           main] .s.d.r.c.RepositoryConfigurationDelegate : Finished Spring Data repository scanning in 16 ms. Found 2 MongoDB repository interfaces.
2025-04-27T19:50:05.068+08:00  INFO 29179 --- [CountOnMe] [           main] f.a.AutowiredAnnotationBeanPostProcessor : Autowired annotation is not supported on static fields: public static com.example.CountOnMe.repository.UserRepository com.example.CountOnMe.CountOnMeApplication.userRepository
2025-04-27T19:50:05.172+08:00  INFO 29179 --- [CountOnMe] [73z.mongodb.net] org.mongodb.driver.cluster               : Adding discovered server countonme-shard-00-02.no73z.mongodb.net:27017 to client view of cluster
2025-04-27T19:50:05.174+08:00  INFO 29179 --- [CountOnMe] [           main] org.mongodb.driver.client                : MongoClient with metadata {"application": {"name": "CountOnMe"}, "driver": {"name": "mongo-java-driver|sync|spring-boot", "version": "5.2.1"}, "os": {"type": "Darwin", "name": "Mac OS X", "architecture": "aarch64", "version": "15.3.2"}, "platform": "Java/Eclipse Adoptium/17.0.4.1+1"} created with settings MongoClientSettings{readPreference=primary, writeConcern=WriteConcern{w=majority, wTimeout=null ms, journal=null}, retryWrites=true, retryReads=true, readConcern=ReadConcern{level=null}, credential=MongoCredential{mechanism=null, userName='phuasiqi', source='admin', password=<hidden>, mechanismProperties=<hidden>}, transportSettings=null, commandListeners=[], codecRegistry=ProvidersCodecRegistry{codecProviders=[ValueCodecProvider{}, BsonValueCodecProvider{}, DBRefCodecProvider{}, DBObjectCodecProvider{}, DocumentCodecProvider{}, CollectionCodecProvider{}, IterableCodecProvider{}, MapCodecProvider{}, GeoJsonCodecProvider{}, GridFSFileCodecProvider{}, Jsr310CodecProvider{}, JsonObjectCodecProvider{}, BsonCodecProvider{}, EnumCodecProvider{}, com.mongodb.client.model.mql.ExpressionCodecProvider@1ad9b8d3, com.mongodb.Jep395RecordCodecProvider@168ad26f, com.mongodb.KotlinCodecProvider@4f93bf0a]}, loggerSettings=LoggerSettings{maxDocumentLength=1000}, clusterSettings={hosts=[127.0.0.1:27017], srvHost=countonme.no73z.mongodb.net, srvServiceName=mongodb, mode=MULTIPLE, requiredClusterType=REPLICA_SET, requiredReplicaSetName='atlas-8c0t7l-shard-0', serverSelector='null', clusterListeners='[]', serverSelectionTimeout='30000 ms', localThreshold='15 ms'}, socketSettings=SocketSettings{connectTimeoutMS=10000, readTimeoutMS=0, receiveBufferSize=0, proxySettings=ProxySettings{host=null, port=null, username=null, password=null}}, heartbeatSocketSettings=SocketSettings{connectTimeoutMS=10000, readTimeoutMS=10000, receiveBufferSize=0, proxySettings=ProxySettings{host=null, port=null, username=null, password=null}}, connectionPoolSettings=ConnectionPoolSettings{maxSize=100, minSize=0, maxWaitTimeMS=120000, maxConnectionLifeTimeMS=0, maxConnectionIdleTimeMS=0, maintenanceInitialDelayMS=0, maintenanceFrequencyMS=60000, connectionPoolListeners=[], maxConnecting=2}, serverSettings=ServerSettings{heartbeatFrequencyMS=10000, minHeartbeatFrequencyMS=500, serverMonitoringMode=AUTO, serverListeners='[]', serverMonitorListeners='[]'}, sslSettings=SslSettings{enabled=true, invalidHostNameAllowed=false, context=null}, applicationName='CountOnMe', compressorList=[], uuidRepresentation=JAVA_LEGACY, serverApi=null, autoEncryptionSettings=null, dnsClient=null, inetAddressResolver=null, contextProvider=null, timeoutMS=null}
2025-04-27T19:50:05.183+08:00  INFO 29179 --- [CountOnMe] [73z.mongodb.net] org.mongodb.driver.cluster               : Adding discovered server countonme-shard-00-01.no73z.mongodb.net:27017 to client view of cluster
2025-04-27T19:50:05.185+08:00  INFO 29179 --- [CountOnMe] [73z.mongodb.net] org.mongodb.driver.cluster               : Adding discovered server countonme-shard-00-00.no73z.mongodb.net:27017 to client view of cluster
2025-04-27T19:50:05.478+08:00  INFO 29179 --- [CountOnMe] [ngodb.net:27017] org.mongodb.driver.cluster               : Monitor thread successfully connected to server with description ServerDescription{address=countonme-shard-00-02.no73z.mongodb.net:27017, type=REPLICA_SET_SECONDARY, cryptd=false, state=CONNECTED, ok=true, minWireVersion=0, maxWireVersion=25, maxDocumentSize=16777216, logicalSessionTimeoutMinutes=30, roundTripTimeNanos=149140667, minRoundTripTimeNanos=0, setName='atlas-8c0t7l-shard-0', canonicalAddress=countonme-shard-00-02.no73z.mongodb.net:27017, hosts=[countonme-shard-00-02.no73z.mongodb.net:27017, countonme-shard-00-01.no73z.mongodb.net:27017, countonme-shard-00-00.no73z.mongodb.net:27017], passives=[], arbiters=[], primary='countonme-shard-00-01.no73z.mongodb.net:27017', tagSet=TagSet{[Tag{name='availabilityZone', value='apse1-az3'}, Tag{name='diskState', value='READY'}, Tag{name='nodeType', value='ELECTABLE'}, Tag{name='provider', value='AWS'}, Tag{name='region', value='AP_SOUTHEAST_1'}, Tag{name='workloadType', value='OPERATIONAL'}]}, electionId=null, setVersion=72, topologyVersion=TopologyVersion{processId=68029448368a504e59009bba, counter=3}, lastWriteDate=Sun Apr 27 19:50:05 SGT 2025, lastUpdateTimeNanos=416618784356791}
2025-04-27T19:50:05.478+08:00  INFO 29179 --- [CountOnMe] [ngodb.net:27017] org.mongodb.driver.cluster               : Monitor thread successfully connected to server with description ServerDescription{address=countonme-shard-00-00.no73z.mongodb.net:27017, type=REPLICA_SET_SECONDARY, cryptd=false, state=CONNECTED, ok=true, minWireVersion=0, maxWireVersion=25, maxDocumentSize=16777216, logicalSessionTimeoutMinutes=30, roundTripTimeNanos=149116042, minRoundTripTimeNanos=0, setName='atlas-8c0t7l-shard-0', canonicalAddress=countonme-shard-00-00.no73z.mongodb.net:27017, hosts=[countonme-shard-00-02.no73z.mongodb.net:27017, countonme-shard-00-01.no73z.mongodb.net:27017, countonme-shard-00-00.no73z.mongodb.net:27017], passives=[], arbiters=[], primary='countonme-shard-00-01.no73z.mongodb.net:27017', tagSet=TagSet{[Tag{name='availabilityZone', value='apse1-az2'}, Tag{name='diskState', value='READY'}, Tag{name='nodeType', value='ELECTABLE'}, Tag{name='provider', value='AWS'}, Tag{name='region', value='AP_SOUTHEAST_1'}, Tag{name='workloadType', value='OPERATIONAL'}]}, electionId=null, setVersion=72, topologyVersion=TopologyVersion{processId=680293df2a10f6edc74f6668, counter=4}, lastWriteDate=Sun Apr 27 19:50:05 SGT 2025, lastUpdateTimeNanos=416618784336166}
2025-04-27T19:50:05.478+08:00  INFO 29179 --- [CountOnMe] [ngodb.net:27017] org.mongodb.driver.cluster               : Monitor thread successfully connected to server with description ServerDescription{address=countonme-shard-00-01.no73z.mongodb.net:27017, type=REPLICA_SET_PRIMARY, cryptd=false, state=CONNECTED, ok=true, minWireVersion=0, maxWireVersion=25, maxDocumentSize=16777216, logicalSessionTimeoutMinutes=30, roundTripTimeNanos=149136042, minRoundTripTimeNanos=0, setName='atlas-8c0t7l-shard-0', canonicalAddress=countonme-shard-00-01.no73z.mongodb.net:27017, hosts=[countonme-shard-00-02.no73z.mongodb.net:27017, countonme-shard-00-01.no73z.mongodb.net:27017, countonme-shard-00-00.no73z.mongodb.net:27017], passives=[], arbiters=[], primary='countonme-shard-00-01.no73z.mongodb.net:27017', tagSet=TagSet{[Tag{name='availabilityZone', value='apse1-az1'}, Tag{name='diskState', value='READY'}, Tag{name='nodeType', value='ELECTABLE'}, Tag{name='provider', value='AWS'}, Tag{name='region', value='AP_SOUTHEAST_1'}, Tag{name='workloadType', value='OPERATIONAL'}]}, electionId=7fffffff0000000000000104, setVersion=72, topologyVersion=TopologyVersion{processId=68029413d4528ba34a341dfb, counter=6}, lastWriteDate=Sun Apr 27 19:50:05 SGT 2025, lastUpdateTimeNanos=416618784356833}
2025-04-27T19:50:05.481+08:00  INFO 29179 --- [CountOnMe] [ngodb.net:27017] org.mongodb.driver.cluster               : Discovered replica set primary countonme-shard-00-01.no73z.mongodb.net:27017 with max election id 7fffffff0000000000000104 and max set version 72
2025-04-27T19:50:05.720+08:00  INFO 29179 --- [CountOnMe] [           main] c.e.CountOnMe.CountOnMeApplicationTests  : Started CountOnMeApplicationTests in 1.313 seconds (process running for 1.802)
]]></system-out>
  </testcase>
</testsuite>